<?xml version="1.0" encoding="UTF-8"?>
<testsuite name="eu.iwha.view.AnimalsViewerTest" tests="1" skipped="0" failures="0" errors="0" timestamp="2017-05-25T19:15:26" hostname="LAPTOP-B6G5DU1E" time="0.194">
  <properties/>
  <testcase name="showAllAnimals" classname="eu.iwha.view.AnimalsViewerTest" time="0.194"/>
  <system-out><![CDATA[wukong
leon
dyzio
]]></system-out>
  <system-err><![CDATA[maj 25, 2017 9:15:26 PM org.springframework.test.context.support.DefaultTestContextBootstrapper getDefaultTestExecutionListenerClassNames
INFO: Loaded default TestExecutionListener class names from location [META-INF/spring.factories]: [org.springframework.test.context.web.ServletTestExecutionListener, org.springframework.test.context.support.DirtiesContextBeforeModesTestExecutionListener, org.springframework.test.context.support.DependencyInjectionTestExecutionListener, org.springframework.test.context.support.DirtiesContextTestExecutionListener, org.springframework.test.context.transaction.TransactionalTestExecutionListener, org.springframework.test.context.jdbc.SqlScriptsTestExecutionListener]
maj 25, 2017 9:15:26 PM org.springframework.test.context.support.DefaultTestContextBootstrapper instantiateListeners
INFO: Could not instantiate TestExecutionListener [org.springframework.test.context.web.ServletTestExecutionListener]. Specify custom listener classes or make the default listener classes (and their required dependencies) available. Offending class: [javax/servlet/ServletContext]
maj 25, 2017 9:15:26 PM org.springframework.test.context.support.DefaultTestContextBootstrapper getTestExecutionListeners
INFO: Using TestExecutionListeners: [org.springframework.test.context.support.DirtiesContextBeforeModesTestExecutionListener@3e8ff351, org.springframework.test.context.support.DependencyInjectionTestExecutionListener@21df2765, org.springframework.test.context.support.DirtiesContextTestExecutionListener@4de14aa, org.springframework.test.context.transaction.TransactionalTestExecutionListener@71764feb, org.springframework.test.context.jdbc.SqlScriptsTestExecutionListener@30a22fef]
maj 25, 2017 9:15:26 PM org.springframework.context.support.GenericApplicationContext prepareRefresh
INFO: Refreshing org.springframework.context.support.GenericApplicationContext@1c8cba1f: startup date [Thu May 25 21:15:26 CEST 2017]; root of context hierarchy
maj 25, 2017 9:15:26 PM org.springframework.jdbc.datasource.DriverManagerDataSource setDriverClassName
INFO: Loaded JDBC driver: com.mysql.cj.jdbc.Driver
Thu May 25 21:15:26 CEST 2017 WARN: Establishing SSL connection without server's identity verification is not recommended. According to MySQL 5.5.45+, 5.6.26+ and 5.7.6+ requirements SSL connection must be established by default if explicit option isn't set. For compliance with existing applications not using SSL the verifyServerCertificate property is set to 'false'. You need either to explicitly disable SSL by setting useSSL=false, or set useSSL=true and provide truststore for server certificate verification.
]]></system-err>
</testsuite>
